Determining if the pthread_create exist failed with the following output:
Change Dir: /home/just/python2019/hse-2019-pb-tasks/task04-tsqueue/CMakeFiles/CMakeTmp

Run Build Command:"/usr/bin/make" "cmTC_fcd3c/fast"
/usr/bin/make -f CMakeFiles/cmTC_fcd3c.dir/build.make CMakeFiles/cmTC_fcd3c.dir/build
make[1]: вход в каталог «/home/just/python2019/hse-2019-pb-tasks/task04-tsqueue/CMakeFiles/CMakeTmp»
Building C object CMakeFiles/cmTC_fcd3c.dir/CheckSymbolExists.c.o
/usr/bin/cc    -o CMakeFiles/cmTC_fcd3c.dir/CheckSymbolExists.c.o   -c /home/just/python2019/hse-2019-pb-tasks/task04-tsqueue/CMakeFiles/CMakeTmp/CheckSymbolExists.c
Linking C executable cmTC_fcd3c
/usr/bin/cmake -E cmake_link_script CMakeFiles/cmTC_fcd3c.dir/link.txt --verbose=1
/usr/bin/cc      -rdynamic CMakeFiles/cmTC_fcd3c.dir/CheckSymbolExists.c.o  -o cmTC_fcd3c 
CMakeFiles/cmTC_fcd3c.dir/CheckSymbolExists.c.o: In function `main':
CheckSymbolExists.c:(.text+0x1b): undefined reference to `pthread_create'
collect2: error: ld returned 1 exit status
CMakeFiles/cmTC_fcd3c.dir/build.make:97: recipe for target 'cmTC_fcd3c' failed
make[1]: *** [cmTC_fcd3c] Error 1
make[1]: выход из каталога «/home/just/python2019/hse-2019-pb-tasks/task04-tsqueue/CMakeFiles/CMakeTmp»
Makefile:126: recipe for target 'cmTC_fcd3c/fast' failed
make: *** [cmTC_fcd3c/fast] Error 2

File /home/just/python2019/hse-2019-pb-tasks/task04-tsqueue/CMakeFiles/CMakeTmp/CheckSymbolExists.c:
/* */
#include <pthread.h>

int main(int argc, char** argv)
{
  (void)argv;
#ifndef pthread_create
  return ((int*)(&pthread_create))[argc];
#else
  (void)argc;
  return 0;
#endif
}

